<?xml version="1.0" encoding="UTF-8"?>
<testng-results skipped="0" failed="0" ignored="1" total="2" passed="1">
  <reporter-output>
  </reporter-output>
  <suite name="New Tour Application" duration-ms="5676" started-at="2019-10-02T16:12:19 PDT" finished-at="2019-10-02T16:12:24 PDT">
    <groups>
    </groups>
    <test name="Verify the Registration Process in the New Tour Application" duration-ms="5676" started-at="2019-10-02T16:12:19 PDT" finished-at="2019-10-02T16:12:24 PDT">
      <class name="Test.Scripts.TestRegistrationFeature">
        <test-method status="PASS" signature="init()[pri:0, instance:Test.Scripts.TestRegistrationFeature@43a0cee9]" name="init" is-config="true" duration-ms="2651" started-at="2019-10-02T16:12:19 PDT" finished-at="2019-10-02T16:12:21 PDT">
          <reporter-output>
          </reporter-output>
        </test-method> <!-- init -->
        <test-method status="PASS" signature="verify_that_User_Can_Successfully_Register_to_the_Application(java.lang.String, java.lang.String, java.lang.String, java.lang.String)[pri:0, instance:Test.Scripts.TestRegistrationFeature@43a0cee9]" name="verify_that_User_Can_Successfully_Register_to_the_Application" duration-ms="2997" started-at="2019-10-02T16:12:21 PDT" finished-at="2019-10-02T16:12:24 PDT">
          <params>
            <param index="0">
              <value>
                <![CDATA[TestUser1]]>
              </value>
            </param>
            <param index="1">
              <value>
                <![CDATA[_password1]]>
              </value>
            </param>
            <param index="2">
              <value>
                <![CDATA[UserFirstName$]]>
              </value>
            </param>
            <param index="3">
              <value>
                <![CDATA[UserLastName$]]>
              </value>
            </param>
          </params>
          <reporter-output>
          </reporter-output>
        </test-method> <!-- verify_that_User_Can_Successfully_Register_to_the_Application -->
        <test-method status="PASS" signature="close()[pri:0, instance:Test.Scripts.TestRegistrationFeature@43a0cee9]" name="close" is-config="true" duration-ms="0" started-at="2019-10-02T16:12:24 PDT" finished-at="2019-10-02T16:12:24 PDT">
          <reporter-output>
          </reporter-output>
        </test-method> <!-- close -->
        <test-method status="PASS" signature="tearDown()[pri:0, instance:Test.Scripts.TestRegistrationFeature@43a0cee9]" name="tearDown" is-config="true" duration-ms="81" started-at="2019-10-02T16:12:24 PDT" finished-at="2019-10-02T16:12:25 PDT">
          <reporter-output>
          </reporter-output>
        </test-method> <!-- tearDown -->
      </class> <!-- Test.Scripts.TestRegistrationFeature -->
    </test> <!-- Verify the Registration Process in the New Tour Application -->
  </suite> <!-- New Tour Application -->
</testng-results>
