<?xml version="1.0" encoding="UTF-8"?>
<!-- Generated by org.testng.reporters.JUnitXMLReporter -->
<testsuite hostname="simarjeetk" ignored="1" name="Verify the Registration Process in the New Tour Application" tests="1" failures="0" timestamp="2019-10-02T16:12:24 PDT" time="5.676" errors="0">
  <testcase name="verify_that_User_Can_Successfully_Register_to_the_Application" time="2.997" classname="Test.Scripts.TestRegistrationFeature"/>
  <testcase name="verify_The_UI_of_Registration_Page_form" time="0.0" classname="Test.Scripts.TestRegistrationFeature">
    <ignored/>
  </testcase> <!-- verify_The_UI_of_Registration_Page_form -->
</testsuite> <!-- Verify the Registration Process in the New Tour Application -->
